<?xml version="1.0" encoding="UTF-8"?>
<testsuite xmlns:xsi="http://www.w3.org/2001/XMLSchema-instance" xsi:noNamespaceSchemaLocation="https://maven.apache.org/surefire/maven-surefire-plugin/xsd/surefire-test-report-3.0.xsd" version="3.0" name="org.hw17.StreamAPITest" time="0.009" tests="3" errors="0" skipped="0" failures="0">
  <properties>
[...]
</properties>
  <testcase name="fromLowerToUpperCase" classname="org.hw17.StreamAPITest" time="0.002"/>
  <testcase name="calculateAVG" classname="org.hw17.StreamAPITest" time="0.002"/>
  <testcase name="printByFilters" classname="org.hw17.StreamAPITest" time="0.002">
    <system-out><![CDATA[nine
five
]]></system-out>
  </testcase>
</testsuite>